<?xml version="1.0" encoding="UTF-8"?>
<!-- Generated by org.testng.reporters.JUnitReportReporter -->
<testsuite skipped="0" hostname="DESKTOP-RNIUBPS" name="runner.TestRunner" tests="1" failures="0" timestamp="22 八月 2019 06:47:39 GMT" time="8.091" errors="0">
  <testcase name="runScenario" time="8.091" classname="runner.TestRunner"/>
</testsuite> <!-- runner.TestRunner -->
