<?xml version="1.0" encoding="UTF-8"?>
<!-- Generated by org.testng.reporters.JUnitReportReporter -->
<testsuite skipped="0" hostname="DESKTOP-RNIUBPS" name="runner.TestRunner" tests="1" failures="0" timestamp="23 八月 2019 01:45:32 GMT" time="6.689" errors="0">
  <testcase name="runScenario" time="6.689" classname="runner.TestRunner"/>
</testsuite> <!-- runner.TestRunner -->
