<?xml version="1.0" encoding="UTF-8"?>
<!-- Generated by org.testng.reporters.JUnitReportReporter -->
<testsuite skipped="0" hostname="DESKTOP-RNIUBPS" name="runner.TestRunner" tests="1" failures="0" timestamp="22 八月 2019 09:52:11 GMT" time="12.100" errors="0">
  <testcase name="runScenario" time="12.100" classname="runner.TestRunner"/>
</testsuite> <!-- runner.TestRunner -->
